android/app/build/intermediates/manifest_merge_blame_file/release/manifest-merger-blame-release-report.txt
1<?xml version="1.0" encoding="utf-8"?>
2<manifest xmlns:android="http://schemas.android.com/apk/res/android"
3    package="com.drishti"
4    android:versionCode="1"
5    android:versionName="1.0" >
6
7    <uses-sdk
8        android:minSdkVersion="24"
9        android:targetSdkVersion="34" />
10
11    <uses-permission android:name="android.permission.INTERNET" />
11-->src\main\AndroidManifest.xml:3:5-67
11-->src\main\AndroidManifest.xml:3:22-64
12    <uses-permission android:name="android.permission.CAMERA" />
12-->src\main\AndroidManifest.xml:4:5-65
12-->src\main\AndroidManifest.xml:4:22-62
13
14    <permission
14-->[androidx.core:core:1.9.0] AndroidManifest.xml:22:5-24:47
15        android:name="com.drishti.DYNAMIC_RECEIVER_NOT_EXPORTED_PERMISSION"
15-->[androidx.core:core:1.9.0] AndroidManifest.xml:23:9-81
16        android:protectionLevel="signature" />
16-->[androidx.core:core:1.9.0] AndroidManifest.xml:24:9-44
17
18    <uses-permission android:name="com.drishti.DYNAMIC_RECEIVER_NOT_EXPORTED_PERMISSION" /> <!-- Although the *SdkVersion is captured in gradle build files, this is required for non gradle builds -->
18-->[androidx.core:core:1.9.0] AndroidManifest.xml:26:5-97
18-->[androidx.core:core:1.9.0] AndroidManifest.xml:26:22-94
19    <!-- <uses-sdk android:minSdkVersion="14"/> -->
20    <uses-permission android:name="android.permission.ACCESS_NETWORK_STATE" />
20-->[com.google.android.datatransport:transport-backend-cct:2.3.3] AndroidManifest.xml:25:5-79
20-->[com.google.android.datatransport:transport-backend-cct:2.3.3] AndroidManifest.xml:25:22-76
21
22    <application
22-->src\main\AndroidManifest.xml:6:5-28:19
23        android:name="com.drishti.MainApplication"
23-->src\main\AndroidManifest.xml:7:7-38
24        android:allowBackup="false"
24-->src\main\AndroidManifest.xml:11:7-34
25        android:appComponentFactory="androidx.core.app.CoreComponentFactory"
25-->[androidx.core:core:1.9.0] AndroidManifest.xml:28:18-86
26        android:extractNativeLibs="false"
27        android:icon="@android:drawable/sym_def_app_icon"
27-->src\main\AndroidManifest.xml:9:7-56
28        android:label="DRISHTI"
28-->src\main\AndroidManifest.xml:8:7-30
29        android:roundIcon="@android:drawable/sym_def_app_icon"
29-->src\main\AndroidManifest.xml:10:7-61
30        android:supportsRtl="true"
30-->src\main\AndroidManifest.xml:13:7-33
31        android:theme="@style/AppTheme" >
31-->src\main\AndroidManifest.xml:12:7-38
32        <activity
32-->src\main\AndroidManifest.xml:15:7-27:18
33            android:name="com.drishti.MainActivity"
33-->src\main\AndroidManifest.xml:16:9-37
34            android:configChanges="keyboard|keyboardHidden|orientation|screenSize|screenLayout|uiMode"
34-->src\main\AndroidManifest.xml:18:9-99
35            android:exported="true"
35-->src\main\AndroidManifest.xml:21:9-32
36            android:label="DRISHTI"
36-->src\main\AndroidManifest.xml:17:9-32
37            android:launchMode="singleTask"
37-->src\main\AndroidManifest.xml:19:9-40
38            android:windowSoftInputMode="adjustResize" >
38-->src\main\AndroidManifest.xml:20:9-51
39            <intent-filter>
39-->src\main\AndroidManifest.xml:22:9-26:25
40                <action android:name="android.intent.action.MAIN" />
40-->src\main\AndroidManifest.xml:23:13-65
40-->src\main\AndroidManifest.xml:23:21-62
41
42                <category android:name="android.accessibilityservice.intent.category.FEEDBACK_AUDIBLE" />
42-->src\main\AndroidManifest.xml:24:13-102
42-->src\main\AndroidManifest.xml:24:23-99
43                <category android:name="android.intent.category.LAUNCHER" />
43-->src\main\AndroidManifest.xml:25:13-73
43-->src\main\AndroidManifest.xml:25:23-70
44            </intent-filter>
45        </activity>
46
47        <service
47-->[com.google.android.gms:play-services-mlkit-barcode-scanning:18.3.0] AndroidManifest.xml:9:9-15:19
48            android:name="com.google.mlkit.common.internal.MlKitComponentDiscoveryService"
48-->[com.google.android.gms:play-services-mlkit-barcode-scanning:18.3.0] AndroidManifest.xml:10:13-91
49            android:directBootAware="true"
49-->[com.google.mlkit:common:18.9.0] AndroidManifest.xml:17:13-43
50            android:exported="false" >
50-->[com.google.android.gms:play-services-mlkit-barcode-scanning:18.3.0] AndroidManifest.xml:11:13-37
51            <meta-data
51-->[com.google.android.gms:play-services-mlkit-barcode-scanning:18.3.0] AndroidManifest.xml:12:13-14:85
52                android:name="com.google.firebase.components:com.google.mlkit.vision.barcode.internal.BarcodeRegistrar"
52-->[com.google.android.gms:play-services-mlkit-barcode-scanning:18.3.0] AndroidManifest.xml:13:17-120
53                android:value="com.google.firebase.components.ComponentRegistrar" />
53-->[com.google.android.gms:play-services-mlkit-barcode-scanning:18.3.0] AndroidManifest.xml:14:17-82
54            <meta-data
54-->[com.google.mlkit:vision-common:17.3.0] AndroidManifest.xml:12:13-14:85
55                android:name="com.google.firebase.components:com.google.mlkit.vision.common.internal.VisionCommonRegistrar"
55-->[com.google.mlkit:vision-common:17.3.0] AndroidManifest.xml:13:17-124
56                android:value="com.google.firebase.components.ComponentRegistrar" />
56-->[com.google.mlkit:vision-common:17.3.0] AndroidManifest.xml:14:17-82
57            <meta-data
57-->[com.google.mlkit:common:18.9.0] AndroidManifest.xml:20:13-22:85
58                android:name="com.google.firebase.components:com.google.mlkit.common.internal.CommonComponentRegistrar"
58-->[com.google.mlkit:common:18.9.0] AndroidManifest.xml:21:17-120
59                android:value="com.google.firebase.components.ComponentRegistrar" />
59-->[com.google.mlkit:common:18.9.0] AndroidManifest.xml:22:17-82
60        </service>
61
62        <provider
62-->[com.google.mlkit:common:18.9.0] AndroidManifest.xml:9:9-13:38
63            android:name="com.google.mlkit.common.internal.MlKitInitProvider"
63-->[com.google.mlkit:common:18.9.0] AndroidManifest.xml:10:13-78
64            android:authorities="com.drishti.mlkitinitprovider"
64-->[com.google.mlkit:common:18.9.0] AndroidManifest.xml:11:13-69
65            android:exported="false"
65-->[com.google.mlkit:common:18.9.0] AndroidManifest.xml:12:13-37
66            android:initOrder="99" />
66-->[com.google.mlkit:common:18.9.0] AndroidManifest.xml:13:13-35
67
68        <activity
68-->[com.google.android.gms:play-services-base:18.1.0] AndroidManifest.xml:20:9-22:45
69            android:name="com.google.android.gms.common.api.GoogleApiActivity"
69-->[com.google.android.gms:play-services-base:18.1.0] AndroidManifest.xml:20:19-85
70            android:exported="false"
70-->[com.google.android.gms:play-services-base:18.1.0] AndroidManifest.xml:22:19-43
71            android:theme="@android:style/Theme.Translucent.NoTitleBar" />
71-->[com.google.android.gms:play-services-base:18.1.0] AndroidManifest.xml:21:19-78
72
73        <meta-data
73-->[com.google.android.gms:play-services-basement:18.1.0] AndroidManifest.xml:21:9-23:69
74            android:name="com.google.android.gms.version"
74-->[com.google.android.gms:play-services-basement:18.1.0] AndroidManifest.xml:22:13-58
75            android:value="@integer/google_play_services_version" />
75-->[com.google.android.gms:play-services-basement:18.1.0] AndroidManifest.xml:23:13-66
76
77        <provider
77-->[androidx.emoji2:emoji2:1.2.0] AndroidManifest.xml:24:9-32:20
78            android:name="androidx.startup.InitializationProvider"
78-->[androidx.emoji2:emoji2:1.2.0] AndroidManifest.xml:25:13-67
79            android:authorities="com.drishti.androidx-startup"
79-->[androidx.emoji2:emoji2:1.2.0] AndroidManifest.xml:26:13-68
80            android:exported="false" >
80-->[androidx.emoji2:emoji2:1.2.0] AndroidManifest.xml:27:13-37
81            <meta-data
81-->[androidx.emoji2:emoji2:1.2.0] AndroidManifest.xml:29:13-31:52
82                android:name="androidx.emoji2.text.EmojiCompatInitializer"
82-->[androidx.emoji2:emoji2:1.2.0] AndroidManifest.xml:30:17-75
83                android:value="androidx.startup" />
83-->[androidx.emoji2:emoji2:1.2.0] AndroidManifest.xml:31:17-49
84            <meta-data
84-->[androidx.lifecycle:lifecycle-process:2.4.1] AndroidManifest.xml:31:13-33:52
85                android:name="androidx.lifecycle.ProcessLifecycleInitializer"
85-->[androidx.lifecycle:lifecycle-process:2.4.1] AndroidManifest.xml:32:17-78
86                android:value="androidx.startup" />
86-->[androidx.lifecycle:lifecycle-process:2.4.1] AndroidManifest.xml:33:17-49
87        </provider>
88
89        <service
89-->[com.google.android.datatransport:transport-backend-cct:2.3.3] AndroidManifest.xml:29:9-35:19
90            android:name="com.google.android.datatransport.runtime.backends.TransportBackendDiscovery"
90-->[com.google.android.datatransport:transport-backend-cct:2.3.3] AndroidManifest.xml:30:13-103
91            android:exported="false" >
91-->[com.google.android.datatransport:transport-backend-cct:2.3.3] AndroidManifest.xml:31:13-37
92            <meta-data
92-->[com.google.android.datatransport:transport-backend-cct:2.3.3] AndroidManifest.xml:32:13-34:39
93                android:name="backend:com.google.android.datatransport.cct.CctBackendFactory"
93-->[com.google.android.datatransport:transport-backend-cct:2.3.3] AndroidManifest.xml:33:17-94
94                android:value="cct" />
94-->[com.google.android.datatransport:transport-backend-cct:2.3.3] AndroidManifest.xml:34:17-36
95        </service>
96        <service
96-->[com.google.android.datatransport:transport-runtime:2.2.6] AndroidManifest.xml:26:9-30:19
97            android:name="com.google.android.datatransport.runtime.scheduling.jobscheduling.JobInfoSchedulerService"
97-->[com.google.android.datatransport:transport-runtime:2.2.6] AndroidManifest.xml:27:13-117
98            android:exported="false"
98-->[com.google.android.datatransport:transport-runtime:2.2.6] AndroidManifest.xml:28:13-37
99            android:permission="android.permission.BIND_JOB_SERVICE" >
99-->[com.google.android.datatransport:transport-runtime:2.2.6] AndroidManifest.xml:29:13-69
100        </service>
101
102        <receiver
102-->[com.google.android.datatransport:transport-runtime:2.2.6] AndroidManifest.xml:32:9-34:40
103            android:name="com.google.android.datatransport.runtime.scheduling.jobscheduling.AlarmManagerSchedulerBroadcastReceiver"
103-->[com.google.android.datatransport:transport-runtime:2.2.6] AndroidManifest.xml:33:13-132
104            android:exported="false" />
104-->[com.google.android.datatransport:transport-runtime:2.2.6] AndroidManifest.xml:34:13-37
105
106        <meta-data
106-->[com.facebook.soloader:soloader:0.10.5] AndroidManifest.xml:12:9-14:37
107            android:name="com.facebook.soloader.enabled"
107-->[com.facebook.soloader:soloader:0.10.5] AndroidManifest.xml:13:13-57
108            android:value="false" />
108-->[com.facebook.soloader:soloader:0.10.5] AndroidManifest.xml:14:13-34
109    </application>
110
111</manifest>